Lab11Location/app/build/intermediates/manifest_merge_blame_file/debug/manifest-merger-blame-debug-report.txt
1<?xml version="1.0" encoding="utf-8"?>
2<manifest xmlns:android="http://schemas.android.com/apk/res/android"
3    package="com.example.observecurrentlocationjetpackcompose"
4    android:versionCode="1"
5    android:versionName="1.0" >
6
7    <uses-sdk
8        android:minSdkVersion="28"
8-->src\main\AndroidManifest.xml
9        android:targetSdkVersion="32" />
9-->src\main\AndroidManifest.xml
10
11    <uses-permission android:name="android.permission.ACCESS_COARSE_LOCATION" />
11-->src\main\AndroidManifest.xml:5:5-81
11-->src\main\AndroidManifest.xml:5:22-78
12    <uses-permission android:name="android.permission.ACCESS_FINE_LOCATION" />
12-->src\main\AndroidManifest.xml:6:5-79
12-->src\main\AndroidManifest.xml:6:22-76
13    <uses-permission android:name="android.permission.ACCESS_BACKGROUND_LOCATION" />
13-->src\main\AndroidManifest.xml:7:5-84
13-->src\main\AndroidManifest.xml:7:22-82
14
15    <application
15-->src\main\AndroidManifest.xml:8:5-33:19
16        android:allowBackup="true"
16-->src\main\AndroidManifest.xml:9:9-35
17        android:appComponentFactory="androidx.core.app.CoreComponentFactory"
17-->[androidx.core:core:1.7.0] AndroidManifest.xml:24:18-86
18        android:dataExtractionRules="@xml/data_extraction_rules"
18-->src\main\AndroidManifest.xml:10:9-65
19        android:debuggable="true"
20        android:extractNativeLibs="false"
21        android:fullBackupContent="@xml/backup_rules"
21-->src\main\AndroidManifest.xml:11:9-54
22        android:icon="@mipmap/ic_launcher"
22-->src\main\AndroidManifest.xml:12:9-43
23        android:label="@string/app_name"
23-->src\main\AndroidManifest.xml:13:9-41
24        android:roundIcon="@mipmap/ic_launcher_round"
24-->src\main\AndroidManifest.xml:14:9-54
25        android:supportsRtl="true"
25-->src\main\AndroidManifest.xml:15:9-35
26        android:testOnly="true"
27        android:theme="@style/Theme.ObserveCurrentLocationJetpackCompose" >
27-->src\main\AndroidManifest.xml:16:9-74
28        <activity
28-->src\main\AndroidManifest.xml:18:9-32:20
29            android:name="com.example.observecurrentlocationjetpackcompose.MainActivity"
29-->src\main\AndroidManifest.xml:19:13-41
30            android:exported="true"
30-->src\main\AndroidManifest.xml:20:13-36
31            android:label="@string/app_name"
31-->src\main\AndroidManifest.xml:21:13-45
32            android:theme="@style/Theme.ObserveCurrentLocationJetpackCompose" >
32-->src\main\AndroidManifest.xml:22:13-78
33            <intent-filter>
33-->src\main\AndroidManifest.xml:23:13-27:29
34                <action android:name="android.intent.action.MAIN" />
34-->src\main\AndroidManifest.xml:24:17-69
34-->src\main\AndroidManifest.xml:24:25-66
35
36                <category android:name="android.intent.category.LAUNCHER" />
36-->src\main\AndroidManifest.xml:26:17-77
36-->src\main\AndroidManifest.xml:26:27-74
37            </intent-filter>
38
39            <meta-data
39-->src\main\AndroidManifest.xml:29:13-31:36
40                android:name="android.app.lib_name"
40-->src\main\AndroidManifest.xml:30:17-52
41                android:value="" />
41-->src\main\AndroidManifest.xml:31:17-33
42        </activity>
43        <activity
43-->[androidx.compose.ui:ui-tooling:1.1.1] AndroidManifest.xml:25:9-27:39
44            android:name="androidx.compose.ui.tooling.PreviewActivity"
44-->[androidx.compose.ui:ui-tooling:1.1.1] AndroidManifest.xml:26:13-71
45            android:exported="true" />
45-->[androidx.compose.ui:ui-tooling:1.1.1] AndroidManifest.xml:27:13-36
46        <activity
46-->[androidx.compose.ui:ui-test-manifest:1.1.1] AndroidManifest.xml:25:9-27:39
47            android:name="androidx.activity.ComponentActivity"
47-->[androidx.compose.ui:ui-test-manifest:1.1.1] AndroidManifest.xml:26:13-63
48            android:exported="true" />
48-->[androidx.compose.ui:ui-test-manifest:1.1.1] AndroidManifest.xml:27:13-36
49        <activity
49-->[com.google.android.gms:play-services-base:18.0.1] AndroidManifest.xml:20:9-22:45
50            android:name="com.google.android.gms.common.api.GoogleApiActivity"
50-->[com.google.android.gms:play-services-base:18.0.1] AndroidManifest.xml:20:19-85
51            android:exported="false"
51-->[com.google.android.gms:play-services-base:18.0.1] AndroidManifest.xml:22:19-43
52            android:theme="@android:style/Theme.Translucent.NoTitleBar" />
52-->[com.google.android.gms:play-services-base:18.0.1] AndroidManifest.xml:21:19-78
53
54        <meta-data
54-->[com.google.android.gms:play-services-basement:18.0.0] AndroidManifest.xml:21:9-23:69
55            android:name="com.google.android.gms.version"
55-->[com.google.android.gms:play-services-basement:18.0.0] AndroidManifest.xml:22:13-58
56            android:value="@integer/google_play_services_version" />
56-->[com.google.android.gms:play-services-basement:18.0.0] AndroidManifest.xml:23:13-66
57
58        <provider
58-->[androidx.profileinstaller:profileinstaller:1.1.0] AndroidManifest.xml:26:9-34:20
59            android:name="androidx.startup.InitializationProvider"
59-->[androidx.profileinstaller:profileinstaller:1.1.0] AndroidManifest.xml:27:13-67
60            android:authorities="com.example.observecurrentlocationjetpackcompose.androidx-startup"
60-->[androidx.profileinstaller:profileinstaller:1.1.0] AndroidManifest.xml:28:13-68
61            android:exported="false" >
61-->[androidx.profileinstaller:profileinstaller:1.1.0] AndroidManifest.xml:29:13-37
62            <meta-data
62-->[androidx.profileinstaller:profileinstaller:1.1.0] AndroidManifest.xml:31:13-33:52
63                android:name="androidx.profileinstaller.ProfileInstallerInitializer"
63-->[androidx.profileinstaller:profileinstaller:1.1.0] AndroidManifest.xml:32:17-85
64                android:value="androidx.startup" />
64-->[androidx.profileinstaller:profileinstaller:1.1.0] AndroidManifest.xml:33:17-49
65        </provider>
66
67        <receiver
67-->[androidx.profileinstaller:profileinstaller:1.1.0] AndroidManifest.xml:36:9-45:20
68            android:name="androidx.profileinstaller.ProfileInstallReceiver"
68-->[androidx.profileinstaller:profileinstaller:1.1.0] AndroidManifest.xml:37:13-76
69            android:directBootAware="false"
69-->[androidx.profileinstaller:profileinstaller:1.1.0] AndroidManifest.xml:38:13-44
70            android:enabled="true"
70-->[androidx.profileinstaller:profileinstaller:1.1.0] AndroidManifest.xml:39:13-35
71            android:exported="true"
71-->[androidx.profileinstaller:profileinstaller:1.1.0] AndroidManifest.xml:40:13-36
72            android:permission="android.permission.DUMP" >
72-->[androidx.profileinstaller:profileinstaller:1.1.0] AndroidManifest.xml:41:13-57
73            <intent-filter>
73-->[androidx.profileinstaller:profileinstaller:1.1.0] AndroidManifest.xml:42:13-44:29
74                <action android:name="androidx.profileinstaller.action.INSTALL_PROFILE" />
74-->[androidx.profileinstaller:profileinstaller:1.1.0] AndroidManifest.xml:43:17-91
74-->[androidx.profileinstaller:profileinstaller:1.1.0] AndroidManifest.xml:43:25-88
75            </intent-filter>
76        </receiver>
77    </application>
78
79</manifest>